<?xml version="1.0" encoding="UTF-8"?>
<testng-results ignored="0" total="1" passed="1" failed="0" skipped="0">
  <reporter-output>
  </reporter-output>
  <suite started-at="2022-03-30T17:20:15 CST" name="Default suite" finished-at="2022-03-30T17:20:44 CST" duration-ms="29053">
    <groups>
    </groups>
    <test started-at="2022-03-30T17:20:15 CST" name="Default test" finished-at="2022-03-30T17:20:44 CST" duration-ms="29053">
      <class name="test.TestSel">
        <test-method signature="selenium_test01()[pri:0, instance:test.TestSel@20ccf40b]" started-at="2022-03-30T17:20:15 CST" name="selenium_test01" finished-at="2022-03-30T17:20:44 CST" duration-ms="28988" status="PASS">
          <reporter-output>
          </reporter-output>
        </test-method> <!-- selenium_test01 -->
      </class> <!-- test.TestSel -->
    </test> <!-- Default test -->
  </suite> <!-- Default suite -->
</testng-results>
